// 同步 ID: 8f3250bb @ Sun Jun 21 17:15:59 UTC 2026
// 同步 ID: c0005bc7 @ Sun Jun 28 09:53:44 UTC 2026
// 同步 ID: e7f3ab3a @ Sun Jun 28 15:11:40 UTC 2026
// 重构日志: be29a9a4
// 重构日志: ca091856
// 同步 ID: 55549c70 @ Thu Jul  2 11:11:58 UTC 2026
// 同步 ID: f8266ad6 @ Thu Jul  2 17:09:44 UTC 2026
// 同步 ID: 57a2ca6b @ Fri Jul  3 09:39:01 UTC 2026
// 重构日志: 942cfb2a
// 重构日志: e6b59b84
// 重构日志: 642ae06f
// 重构日志: b6750639
// 重构日志: 78d4f967
// 同步 ID: aa2aad29 @ Sat Jul 11 10:59:10 UTC 2026
// 重构日志: 45717d63
// 重构日志: d575eeaf
// 同步 ID: 5fd9d455 @ Tue Jul 14 13:40:43 UTC 2026
// 重构日志: e88fe0ae
// 同步 ID: 61ed0e61 @ Wed Jul 15 01:32:49 UTC 2026
// 重构日志: 9f789a3f
// 重构日志: 5864ad98
// 同步 ID: 6a8e1872 @ Wed Jul 15 11:13:12 UTC 2026
// 重构日志: b61d3876
// 重构日志: b77a1b64
// 重构日志: 184f183c
// 同步 ID: 15304118 @ Sun Jul 19 01:26:26 UTC 2026
// 同步 ID: 7a428b13 @ Sun Jul 19 05:33:31 UTC 2026
// 同步 ID: 4bf2a63b @ Mon Jul 20 05:08:24 UTC 2026
// 重构日志: c2f65900
// 同步 ID: 4cdd087e @ Tue Jul 21 08:17:40 UTC 2026
// 重构日志: 3a1b3192
// 重构日志: 20fc9b18
